[debug] [2025-11-19T17:08:46.751Z] ----------------------------------------------------------------------
[debug] [2025-11-19T17:08:46.754Z] Command:       /opt/homebrew/Cellar/node/24.4.1/bin/node /opt/homebrew/bin/firebase projects:list
[debug] [2025-11-19T17:08:46.754Z] CLI Version:   14.25.1
[debug] [2025-11-19T17:08:46.754Z] Platform:      darwin
[debug] [2025-11-19T17:08:46.754Z] Node Version:  v24.4.1
[debug] [2025-11-19T17:08:46.754Z] Time:          Wed Nov 19 2025 19:08:46 GMT+0200 (Israel Standard Time)
[debug] [2025-11-19T17:08:46.754Z] ----------------------------------------------------------------------
[debug] 
[debug] [2025-11-19T17:08:46.838Z] > command requires scopes: ["email","openid","https://www.googleapis.com/auth/cloudplatformprojects.readonly","https://www.googleapis.com/auth/firebase","https://www.googleapis.com/auth/cloud-platform"]
[debug] [2025-11-19T17:08:46.838Z] > authorizing via signed-in user (orel895@gmail.com)
[debug] [2025-11-19T17:08:46.840Z] Checked if tokens are valid: true, expires at: 1763574922654
[debug] [2025-11-19T17:08:46.840Z] Checked if tokens are valid: true, expires at: 1763574922654
[debug] [2025-11-19T17:08:46.840Z] >>> [apiv2][query] GET https://firebase.googleapis.com/v1beta1/projects pageSize=1000
[debug] [2025-11-19T17:08:47.392Z] <<< [apiv2][status] GET https://firebase.googleapis.com/v1beta1/projects 200
[debug] [2025-11-19T17:08:47.392Z] <<< [apiv2][body] GET https://firebase.googleapis.com/v1beta1/projects [omitted]
[info] ┌─────────────────────────┬────────────────────────────┬────────────────┬──────────────────────┐
│ Project Display Name    │ Project ID                 │ Project Number │ Resource Location ID │
├─────────────────────────┼────────────────────────────┼────────────────┼──────────────────────┤
│ barber app              │ barber-app-49adb           │ 148244265786   │ [Not specified]      │
├─────────────────────────┼────────────────────────────┼────────────────┼──────────────────────┤
│ barber-app-template     │ barber-app-template        │ 246646930767   │ [Not specified]      │
├─────────────────────────┼────────────────────────────┼────────────────┼──────────────────────┤
│ barber-server1          │ barber-server1             │ 883407583769   │ [Not specified]      │
├─────────────────────────┼────────────────────────────┼────────────────┼──────────────────────┤
│ barbers bar             │ barbers-bar-ae31f          │ 53851377123    │ [Not specified]      │
├─────────────────────────┼────────────────────────────┼────────────────┼──────────────────────┤
│ eyalamrami              │ eyalamrami-1d69e (current) │ 990847614280   │ [Not specified]      │
├─────────────────────────┼────────────────────────────┼────────────────┼──────────────────────┤
│ ffy jersey              │ ffy-jersey                 │ 269662014325   │ [Not specified]      │
├─────────────────────────┼────────────────────────────┼────────────────┼──────────────────────┤
│ Galili                  │ galili-cf4ea               │ 508643856860   │ [Not specified]      │
├─────────────────────────┼────────────────────────────┼────────────────┼──────────────────────┤
│ galls                   │ galilis                    │ 508385271005   │ [Not specified]      │
├─────────────────────────┼────────────────────────────┼────────────────┼──────────────────────┤
│ GPT Chat SaaS           │ gpt-chat-saas              │ 206429388071   │ [Not specified]      │
├─────────────────────────┼────────────────────────────┼────────────────┼──────────────────────┤
│ MyChatDashboard         │ mychatdashboard-7d3cd      │ 642419357925   │ [Not specified]      │
├─────────────────────────┼────────────────────────────┼────────────────┼──────────────────────┤
│ naama-bloom             │ naama-bloom-88733          │ 448973562994   │ [Not specified]      │
├─────────────────────────┼────────────────────────────┼────────────────┼──────────────────────┤
│ Naor amar               │ naor-amar                  │ 9527955029     │ [Not specified]      │
├─────────────────────────┼────────────────────────────┼────────────────┼──────────────────────┤
│ NAORBARUCH              │ naorbaruch-a6cc5           │ 1012877513963  │ [Not specified]      │
├─────────────────────────┼────────────────────────────┼────────────────┼──────────────────────┤
│ orelai                  │ orelai                     │ 132056983838   │ [Not specified]      │
├─────────────────────────┼────────────────────────────┼────────────────┼──────────────────────┤
│ orelbarber              │ orelbarber-f598b           │ 7066359191     │ [Not specified]      │
├─────────────────────────┼────────────────────────────┼────────────────┼──────────────────────┤
│ REMARK                  │ remark-8652f               │ 773729857923   │ [Not specified]      │
├─────────────────────────┼────────────────────────────┼────────────────┼──────────────────────┤
│ skillsacademi           │ skillsacademi-99c6c        │ 205093449949   │ [Not specified]      │
├─────────────────────────┼────────────────────────────┼────────────────┼──────────────────────┤
│ videdaiting             │ videdaiting                │ 282830306203   │ [Not specified]      │
├─────────────────────────┼────────────────────────────┼────────────────┼──────────────────────┤
│ video895                │ video895-31029             │ 7721824894     │ [Not specified]      │
├─────────────────────────┼────────────────────────────┼────────────────┼──────────────────────┤
│ WhatsApp Automation Bot │ whatsapp-automation-bot    │ 776311944096   │ [Not specified]      │
└─────────────────────────┴────────────────────────────┴────────────────┴──────────────────────┘
[info] 
[info] 20 project(s) total.
[debug] [2025-11-19T17:08:51.430Z] ----------------------------------------------------------------------
[debug] [2025-11-19T17:08:51.432Z] Command:       /opt/homebrew/Cellar/node/24.4.1/bin/node /opt/homebrew/bin/firebase deploy --only firestore:indexes
[debug] [2025-11-19T17:08:51.432Z] CLI Version:   14.25.1
[debug] [2025-11-19T17:08:51.432Z] Platform:      darwin
[debug] [2025-11-19T17:08:51.432Z] Node Version:  v24.4.1
[debug] [2025-11-19T17:08:51.432Z] Time:          Wed Nov 19 2025 19:08:51 GMT+0200 (Israel Standard Time)
[debug] [2025-11-19T17:08:51.432Z] ----------------------------------------------------------------------
[debug] 
[debug] [2025-11-19T17:08:51.513Z] > command requires scopes: ["email","openid","https://www.googleapis.com/auth/cloudplatformprojects.readonly","https://www.googleapis.com/auth/firebase","https://www.googleapis.com/auth/cloud-platform"]
[debug] [2025-11-19T17:08:51.514Z] > authorizing via signed-in user (orel895@gmail.com)
[debug] [2025-11-19T17:08:51.514Z] [iam] checking project eyalamrami-1d69e for permissions ["datastore.indexes.create","datastore.indexes.delete","datastore.indexes.list","datastore.indexes.update","firebase.projects.get"]
[debug] [2025-11-19T17:08:51.515Z] Checked if tokens are valid: true, expires at: 1763574922654
[debug] [2025-11-19T17:08:51.515Z] Checked if tokens are valid: true, expires at: 1763574922654
[debug] [2025-11-19T17:08:51.515Z] >>> [apiv2][query] POST https://cloudresourcemanager.googleapis.com/v1/projects/eyalamrami-1d69e:testIamPermissions [none]
[debug] [2025-11-19T17:08:51.515Z] >>> [apiv2][(partial)header] POST https://cloudresourcemanager.googleapis.com/v1/projects/eyalamrami-1d69e:testIamPermissions x-goog-quota-user=projects/eyalamrami-1d69e
[debug] [2025-11-19T17:08:51.515Z] >>> [apiv2][body] POST https://cloudresourcemanager.googleapis.com/v1/projects/eyalamrami-1d69e:testIamPermissions {"permissions":["datastore.indexes.create","datastore.indexes.delete","datastore.indexes.list","datastore.indexes.update","firebase.projects.get"]}
[debug] [2025-11-19T17:08:52.490Z] <<< [apiv2][status] POST https://cloudresourcemanager.googleapis.com/v1/projects/eyalamrami-1d69e:testIamPermissions 200
[debug] [2025-11-19T17:08:52.490Z] <<< [apiv2][body] POST https://cloudresourcemanager.googleapis.com/v1/projects/eyalamrami-1d69e:testIamPermissions {"permissions":["datastore.indexes.create","datastore.indexes.delete","datastore.indexes.list","datastore.indexes.update","firebase.projects.get"]}
[info] 
[info] === Deploying to 'eyalamrami-1d69e'...
[info] 
[info] i  deploying firestore 
[info] i  firestore: ensuring required API firestore.googleapis.com is enabled... 
[info] i  firestore: ensuring required API firestore.googleapis.com is enabled... 
[debug] [2025-11-19T17:08:52.494Z] Checked if tokens are valid: true, expires at: 1763574922654
[debug] [2025-11-19T17:08:52.494Z] Checked if tokens are valid: true, expires at: 1763574922654
[debug] [2025-11-19T17:08:52.494Z] >>> [apiv2][query] GET https://firestore.googleapis.com/v1/projects/eyalamrami-1d69e/databases/(default) [none]
[debug] [2025-11-19T17:08:53.026Z] <<< [apiv2][status] GET https://firestore.googleapis.com/v1/projects/eyalamrami-1d69e/databases/(default) 200
[debug] [2025-11-19T17:08:53.026Z] <<< [apiv2][body] GET https://firestore.googleapis.com/v1/projects/eyalamrami-1d69e/databases/(default) {"name":"projects/eyalamrami-1d69e/databases/(default)","uid":"28c72577-e069-422d-b53f-9211ba17d04d","createTime":"2025-11-16T21:56:31.041581Z","updateTime":"2025-11-16T21:56:31.041581Z","locationId":"europe-west2","type":"FIRESTORE_NATIVE","concurrencyMode":"PESSIMISTIC","versionRetentionPeriod":"3600s","earliestVersionTime":"2025-11-19T16:08:53.119472Z","appEngineIntegrationMode":"DISABLED","keyPrefix":"g","pointInTimeRecoveryEnablement":"POINT_IN_TIME_RECOVERY_DISABLED","deleteProtectionState":"DELETE_PROTECTION_DISABLED","databaseEdition":"STANDARD","freeTier":true,"realtimeUpdatesMode":"REALTIME_UPDATES_MODE_ENABLED","etag":"IPOFn5Ta/pADMMXn/oLW95AD"}
[info] i  firestore: reading indexes from firestore.indexes.json... 
[info] i  cloud.firestore: checking firestore.rules for compilation errors... 
[debug] [2025-11-19T17:08:53.030Z] Checked if tokens are valid: true, expires at: 1763574922654
[debug] [2025-11-19T17:08:53.030Z] Checked if tokens are valid: true, expires at: 1763574922654
[debug] [2025-11-19T17:08:53.030Z] >>> [apiv2][query] POST https://firebaserules.googleapis.com/v1/projects/eyalamrami-1d69e:test [none]
[debug] [2025-11-19T17:08:53.030Z] >>> [apiv2][body] POST https://firebaserules.googleapis.com/v1/projects/eyalamrami-1d69e:test [omitted]
[debug] [2025-11-19T17:08:53.865Z] <<< [apiv2][status] POST https://firebaserules.googleapis.com/v1/projects/eyalamrami-1d69e:test 200
[debug] [2025-11-19T17:08:53.866Z] <<< [apiv2][body] POST https://firebaserules.googleapis.com/v1/projects/eyalamrami-1d69e:test {}
[info] ✔  cloud.firestore: rules file firestore.rules compiled successfully 
[info] i  firestore: deploying indexes... 
[debug] [2025-11-19T17:08:53.870Z] Checked if tokens are valid: true, expires at: 1763574922654
[debug] [2025-11-19T17:08:53.870Z] Checked if tokens are valid: true, expires at: 1763574922654
[debug] [2025-11-19T17:08:53.871Z] >>> [apiv2][query] GET https://firestore.googleapis.com/v1/projects/eyalamrami-1d69e/databases/(default)/collectionGroups/-/indexes [none]
[debug] [2025-11-19T17:08:53.989Z] <<< [apiv2][status] GET https://firestore.googleapis.com/v1/projects/eyalamrami-1d69e/databases/(default)/collectionGroups/-/indexes 200
[debug] [2025-11-19T17:08:53.990Z] <<< [apiv2][body] GET https://firestore.googleapis.com/v1/projects/eyalamrami-1d69e/databases/(default)/collectionGroups/-/indexes {"indexes":[{"name":"projects/eyalamrami-1d69e/databases/(default)/collectionGroups/news/indexes/CICAgNiav4AK","queryScope":"COLLECTION","fields":[{"fieldPath":"isPublished","order":"ASCENDING"},{"fieldPath":"publishedAt","order":"DESCENDING"},{"fieldPath":"__name__","order":"DESCENDING"}],"state":"CREATING","density":"SPARSE_ALL"},{"name":"projects/eyalamrami-1d69e/databases/(default)/collectionGroups/feeds/indexes/CICAgJim14AK","queryScope":"COLLECTION","fields":[{"fieldPath":"published","order":"ASCENDING"},{"fieldPath":"createdAt","order":"DESCENDING"},{"fieldPath":"__name__","order":"DESCENDING"}],"state":"READY","density":"SPARSE_ALL"},{"name":"projects/eyalamrami-1d69e/databases/(default)/collectionGroups/dailyInsights/indexes/CICAgOjXh4EK","queryScope":"COLLECTION","fields":[{"fieldPath":"published","order":"ASCENDING"},{"fieldPath":"createdAt","order":"DESCENDING"},{"fieldPath":"__name__","order":"DESCENDING"}],"state":"READY","density":"SPARSE_ALL"},{"name":"projects/eyalamrami-1d69e/databases/(default)/collectionGroups/lessons/indexes/CICAgJj7z4EK","queryScope":"COLLECTION","fields":[{"fieldPath":"category","order":"ASCENDING"},{"fieldPath":"order","order":"DESCENDING"},{"fieldPath":"__name__","order":"DESCENDING"}],"state":"CREATING","density":"SPARSE_ALL"},{"name":"projects/eyalamrami-1d69e/databases/(default)/collectionGroups/podcasts/indexes/CICAgNjpgYIK","queryScope":"COLLECTION","fields":[{"fieldPath":"isActive","order":"ASCENDING"},{"fieldPath":"order","order":"DESCENDING"},{"fieldPath":"__name__","order":"DESCENDING"}],"state":"CREATING","density":"SPARSE_ALL"},{"name":"projects/eyalamrami-1d69e/databases/(default)/collectionGroups/alerts/indexes/CICAgJjF9oIK","queryScope":"COLLECTION","fields":[{"fieldPath":"isActive","order":"ASCENDING"},{"fieldPath":"createdAt","order":"DESCENDING"},{"fieldPath":"__name__","order":"DESCENDING"}],"state":"CREATING","density":"SPARSE_ALL"},{"name":"projects/eyalamrami-1d69e/databases/(default)/collectionGroups/notifications/indexes/CICAgJiUpoMK","queryScope":"COLLECTION","fields":[{"fieldPath":"status","order":"ASCENDING"},{"fieldPath":"createdAt","order":"DESCENDING"},{"fieldPath":"__name__","order":"DESCENDING"}],"state":"READY","density":"SPARSE_ALL"},{"name":"projects/eyalamrami-1d69e/databases/(default)/collectionGroups/lessons/indexes/CICAgNi47oMK","queryScope":"COLLECTION","fields":[{"fieldPath":"category","order":"ASCENDING"},{"fieldPath":"createdAt","order":"DESCENDING"},{"fieldPath":"__name__","order":"DESCENDING"}],"state":"CREATING","density":"SPARSE_ALL"},{"name":"projects/eyalamrami-1d69e/databases/(default)/collectionGroups/faithLessons/indexes/CICAgOi3kJAK","queryScope":"COLLECTION","fields":[{"fieldPath":"category","order":"ASCENDING"},{"fieldPath":"priority","order":"ASCENDING"},{"fieldPath":"__name__","order":"ASCENDING"}],"state":"READY","density":"SPARSE_ALL"},{"name":"projects/eyalamrami-1d69e/databases/(default)/collectionGroups/news/indexes/CICAgJjmiJEK","queryScope":"COLLECTION","fields":[{"fieldPath":"category","order":"ASCENDING"},{"fieldPath":"publishedAt","order":"DESCENDING"},{"fieldPath":"__name__","order":"DESCENDING"}],"state":"CREATING","density":"SPARSE_ALL"},{"name":"projects/eyalamrami-1d69e/databases/(default)/collectionGroups/podcasts/indexes/CICAgNi4-ZIK","queryScope":"COLLECTION","fields":[{"fieldPath":"isActive","order":"ASCENDING"},{"fieldPath":"createdAt","order":"DESCENDING"},{"fieldPath":"__name__","order":"DESCENDING"}],"state":"CREATING","density":"SPARSE_ALL"}]}
[debug] [2025-11-19T17:08:53.990Z] Checked if tokens are valid: true, expires at: 1763574922654
[debug] [2025-11-19T17:08:53.990Z] Checked if tokens are valid: true, expires at: 1763574922654
[debug] [2025-11-19T17:08:53.991Z] >>> [apiv2][query] GET https://firestore.googleapis.com/v1/projects/eyalamrami-1d69e/databases/(default)/collectionGroups/-/fields?filter=indexConfig.usesAncestorConfig=false OR ttlConfig:* [none]
[debug] [2025-11-19T17:08:54.082Z] <<< [apiv2][status] GET https://firestore.googleapis.com/v1/projects/eyalamrami-1d69e/databases/(default)/collectionGroups/-/fields?filter=indexConfig.usesAncestorConfig=false OR ttlConfig:* 200
[debug] [2025-11-19T17:08:54.082Z] <<< [apiv2][body] GET https://firestore.googleapis.com/v1/projects/eyalamrami-1d69e/databases/(default)/collectionGroups/-/fields?filter=indexConfig.usesAncestorConfig=false OR ttlConfig:* {"fields":[{"name":"projects/eyalamrami-1d69e/databases/(default)/collectionGroups/__default__/fields/*","indexConfig":{"indexes":[{"queryScope":"COLLECTION","fields":[{"fieldPath":"*","order":"ASCENDING"}],"state":"READY"},{"queryScope":"COLLECTION","fields":[{"fieldPath":"*","order":"DESCENDING"}],"state":"READY"},{"queryScope":"COLLECTION","fields":[{"fieldPath":"*","arrayConfig":"CONTAINS"}],"state":"READY"}]}}]}
[debug] [2025-11-19T17:08:54.083Z] Checked if tokens are valid: true, expires at: 1763574922654
[debug] [2025-11-19T17:08:54.083Z] Checked if tokens are valid: true, expires at: 1763574922654
[debug] [2025-11-19T17:08:54.083Z] >>> [apiv2][query] GET https://firestore.googleapis.com/v1/projects/eyalamrami-1d69e/databases/(default) [none]
[debug] [2025-11-19T17:08:54.176Z] <<< [apiv2][status] GET https://firestore.googleapis.com/v1/projects/eyalamrami-1d69e/databases/(default) 200
[debug] [2025-11-19T17:08:54.176Z] <<< [apiv2][body] GET https://firestore.googleapis.com/v1/projects/eyalamrami-1d69e/databases/(default) {"name":"projects/eyalamrami-1d69e/databases/(default)","uid":"28c72577-e069-422d-b53f-9211ba17d04d","createTime":"2025-11-16T21:56:31.041581Z","updateTime":"2025-11-16T21:56:31.041581Z","locationId":"europe-west2","type":"FIRESTORE_NATIVE","concurrencyMode":"PESSIMISTIC","versionRetentionPeriod":"3600s","earliestVersionTime":"2025-11-19T16:08:54.276327Z","appEngineIntegrationMode":"DISABLED","keyPrefix":"g","pointInTimeRecoveryEnablement":"POINT_IN_TIME_RECOVERY_DISABLED","deleteProtectionState":"DELETE_PROTECTION_DISABLED","databaseEdition":"STANDARD","freeTier":true,"realtimeUpdatesMode":"REALTIME_UPDATES_MODE_ENABLED","etag":"ILfT5ZTa/pADMMXn/oLW95AD"}
[debug] [2025-11-19T17:08:54.178Z] Skipping existing index: {"collectionGroup":"dailyInsights","queryScope":"COLLECTION","fields":[{"fieldPath":"published","order":"ASCENDING"},{"fieldPath":"createdAt","order":"DESCENDING"},{"fieldPath":"__name__","order":"DESCENDING"}]}
[debug] [2025-11-19T17:08:54.178Z] Skipping existing index: {"collectionGroup":"notifications","queryScope":"COLLECTION","fields":[{"fieldPath":"status","order":"ASCENDING"},{"fieldPath":"createdAt","order":"DESCENDING"},{"fieldPath":"__name__","order":"DESCENDING"}]}
[debug] [2025-11-19T17:08:54.179Z] Skipping existing index: {"collectionGroup":"faithLessons","queryScope":"COLLECTION","fields":[{"fieldPath":"category","order":"ASCENDING"},{"fieldPath":"priority","order":"ASCENDING"},{"fieldPath":"__name__","order":"ASCENDING"}]}
[debug] [2025-11-19T17:08:54.179Z] Skipping existing index: {"collectionGroup":"feeds","queryScope":"COLLECTION","fields":[{"fieldPath":"published","order":"ASCENDING"},{"fieldPath":"createdAt","order":"DESCENDING"},{"fieldPath":"__name__","order":"DESCENDING"}]}
[debug] [2025-11-19T17:08:54.179Z] Skipping existing index: {"collectionGroup":"alerts","queryScope":"COLLECTION","fields":[{"fieldPath":"isActive","order":"ASCENDING"},{"fieldPath":"createdAt","order":"DESCENDING"},{"fieldPath":"__name__","order":"DESCENDING"}]}
[debug] [2025-11-19T17:08:54.179Z] Skipping existing index: {"collectionGroup":"lessons","queryScope":"COLLECTION","fields":[{"fieldPath":"category","order":"ASCENDING"},{"fieldPath":"order","order":"DESCENDING"},{"fieldPath":"__name__","order":"DESCENDING"}]}
[debug] [2025-11-19T17:08:54.179Z] Skipping existing index: {"collectionGroup":"lessons","queryScope":"COLLECTION","fields":[{"fieldPath":"category","order":"ASCENDING"},{"fieldPath":"createdAt","order":"DESCENDING"},{"fieldPath":"__name__","order":"DESCENDING"}]}
[debug] [2025-11-19T17:08:54.179Z] Skipping existing index: {"collectionGroup":"news","queryScope":"COLLECTION","fields":[{"fieldPath":"isPublished","order":"ASCENDING"},{"fieldPath":"publishedAt","order":"DESCENDING"},{"fieldPath":"__name__","order":"DESCENDING"}]}
[debug] [2025-11-19T17:08:54.179Z] Skipping existing index: {"collectionGroup":"news","queryScope":"COLLECTION","fields":[{"fieldPath":"category","order":"ASCENDING"},{"fieldPath":"publishedAt","order":"DESCENDING"},{"fieldPath":"__name__","order":"DESCENDING"}]}
[debug] [2025-11-19T17:08:54.180Z] Skipping existing index: {"collectionGroup":"podcasts","queryScope":"COLLECTION","fields":[{"fieldPath":"isActive","order":"ASCENDING"},{"fieldPath":"order","order":"DESCENDING"},{"fieldPath":"__name__","order":"DESCENDING"}]}
[debug] [2025-11-19T17:08:54.180Z] Skipping existing index: {"collectionGroup":"podcasts","queryScope":"COLLECTION","fields":[{"fieldPath":"isActive","order":"ASCENDING"},{"fieldPath":"createdAt","order":"DESCENDING"},{"fieldPath":"__name__","order":"DESCENDING"}]}
[debug] [2025-11-19T17:08:54.180Z] Creating new index: {"collectionGroup":"dailyVideos","queryScope":"COLLECTION","fields":[{"fieldPath":"createdAt","order":"DESCENDING"}]}
[debug] [2025-11-19T17:08:54.181Z] Checked if tokens are valid: true, expires at: 1763574922654
[debug] [2025-11-19T17:08:54.181Z] Checked if tokens are valid: true, expires at: 1763574922654
[debug] [2025-11-19T17:08:54.181Z] >>> [apiv2][query] POST https://firestore.googleapis.com/v1/projects/eyalamrami-1d69e/databases/(default)/collectionGroups/dailyVideos/indexes [none]
[debug] [2025-11-19T17:08:54.181Z] >>> [apiv2][body] POST https://firestore.googleapis.com/v1/projects/eyalamrami-1d69e/databases/(default)/collectionGroups/dailyVideos/indexes {"fields":[{"fieldPath":"createdAt","order":"DESCENDING"}],"queryScope":"COLLECTION"}
[debug] [2025-11-19T17:08:54.272Z] <<< [apiv2][status] POST https://firestore.googleapis.com/v1/projects/eyalamrami-1d69e/databases/(default)/collectionGroups/dailyVideos/indexes 400
[debug] [2025-11-19T17:08:54.272Z] <<< [apiv2][body] POST https://firestore.googleapis.com/v1/projects/eyalamrami-1d69e/databases/(default)/collectionGroups/dailyVideos/indexes {"error":{"code":400,"message":"this index is not necessary, configure using single field index controls","status":"INVALID_ARGUMENT"}}
[error] 
[error] Error: Request to https://firestore.googleapis.com/v1/projects/eyalamrami-1d69e/databases/(default)/collectionGroups/dailyVideos/indexes had HTTP Error: 400, this index is not necessary, configure using single field index controls
[debug] [2025-11-19T17:08:54.440Z] Error Context: {
  "body": {
    "error": {
      "code": 400,
      "message": "this index is not necessary, configure using single field index controls",
      "status": "INVALID_ARGUMENT"
    }
  },
  "response": {
    "statusCode": 400
  }
}
[debug] [2025-11-19T17:09:12.247Z] ----------------------------------------------------------------------
[debug] [2025-11-19T17:09:12.249Z] Command:       /opt/homebrew/Cellar/node/24.4.1/bin/node /opt/homebrew/bin/firebase deploy --only firestore:indexes
[debug] [2025-11-19T17:09:12.250Z] CLI Version:   14.25.1
[debug] [2025-11-19T17:09:12.250Z] Platform:      darwin
[debug] [2025-11-19T17:09:12.250Z] Node Version:  v24.4.1
[debug] [2025-11-19T17:09:12.250Z] Time:          Wed Nov 19 2025 19:09:12 GMT+0200 (Israel Standard Time)
[debug] [2025-11-19T17:09:12.250Z] ----------------------------------------------------------------------
[debug] 
[debug] [2025-11-19T17:09:12.331Z] > command requires scopes: ["email","openid","https://www.googleapis.com/auth/cloudplatformprojects.readonly","https://www.googleapis.com/auth/firebase","https://www.googleapis.com/auth/cloud-platform"]
[debug] [2025-11-19T17:09:12.332Z] > authorizing via signed-in user (orel895@gmail.com)
[debug] [2025-11-19T17:09:12.332Z] [iam] checking project eyalamrami-1d69e for permissions ["datastore.indexes.create","datastore.indexes.delete","datastore.indexes.list","datastore.indexes.update","firebase.projects.get"]
[debug] [2025-11-19T17:09:12.332Z] Checked if tokens are valid: true, expires at: 1763574922654
[debug] [2025-11-19T17:09:12.332Z] Checked if tokens are valid: true, expires at: 1763574922654
[debug] [2025-11-19T17:09:12.333Z] >>> [apiv2][query] POST https://cloudresourcemanager.googleapis.com/v1/projects/eyalamrami-1d69e:testIamPermissions [none]
[debug] [2025-11-19T17:09:12.333Z] >>> [apiv2][(partial)header] POST https://cloudresourcemanager.googleapis.com/v1/projects/eyalamrami-1d69e:testIamPermissions x-goog-quota-user=projects/eyalamrami-1d69e
[debug] [2025-11-19T17:09:12.333Z] >>> [apiv2][body] POST https://cloudresourcemanager.googleapis.com/v1/projects/eyalamrami-1d69e:testIamPermissions {"permissions":["datastore.indexes.create","datastore.indexes.delete","datastore.indexes.list","datastore.indexes.update","firebase.projects.get"]}
[debug] [2025-11-19T17:09:13.302Z] <<< [apiv2][status] POST https://cloudresourcemanager.googleapis.com/v1/projects/eyalamrami-1d69e:testIamPermissions 200
[debug] [2025-11-19T17:09:13.302Z] <<< [apiv2][body] POST https://cloudresourcemanager.googleapis.com/v1/projects/eyalamrami-1d69e:testIamPermissions {"permissions":["datastore.indexes.create","datastore.indexes.delete","datastore.indexes.list","datastore.indexes.update","firebase.projects.get"]}
[info] 
[info] === Deploying to 'eyalamrami-1d69e'...
[info] 
[info] i  deploying firestore 
[info] i  firestore: ensuring required API firestore.googleapis.com is enabled... 
[info] i  firestore: ensuring required API firestore.googleapis.com is enabled... 
[debug] [2025-11-19T17:09:13.306Z] Checked if tokens are valid: true, expires at: 1763574922654
[debug] [2025-11-19T17:09:13.306Z] Checked if tokens are valid: true, expires at: 1763574922654
[debug] [2025-11-19T17:09:13.306Z] >>> [apiv2][query] GET https://firestore.googleapis.com/v1/projects/eyalamrami-1d69e/databases/(default) [none]
[debug] [2025-11-19T17:09:13.816Z] <<< [apiv2][status] GET https://firestore.googleapis.com/v1/projects/eyalamrami-1d69e/databases/(default) 200
[debug] [2025-11-19T17:09:13.817Z] <<< [apiv2][body] GET https://firestore.googleapis.com/v1/projects/eyalamrami-1d69e/databases/(default) {"name":"projects/eyalamrami-1d69e/databases/(default)","uid":"28c72577-e069-422d-b53f-9211ba17d04d","createTime":"2025-11-16T21:56:31.041581Z","updateTime":"2025-11-16T21:56:31.041581Z","locationId":"europe-west2","type":"FIRESTORE_NATIVE","concurrencyMode":"PESSIMISTIC","versionRetentionPeriod":"3600s","earliestVersionTime":"2025-11-19T16:09:13.917397Z","appEngineIntegrationMode":"DISABLED","keyPrefix":"g","pointInTimeRecoveryEnablement":"POINT_IN_TIME_RECOVERY_DISABLED","deleteProtectionState":"DELETE_PROTECTION_DISABLED","databaseEdition":"STANDARD","freeTier":true,"realtimeUpdatesMode":"REALTIME_UPDATES_MODE_ENABLED","etag":"IOa6lJ7a/pADMMXn/oLW95AD"}
[info] i  firestore: reading indexes from firestore.indexes.json... 
[info] i  cloud.firestore: checking firestore.rules for compilation errors... 
[debug] [2025-11-19T17:09:13.821Z] Checked if tokens are valid: true, expires at: 1763574922654
[debug] [2025-11-19T17:09:13.821Z] Checked if tokens are valid: true, expires at: 1763574922654
[debug] [2025-11-19T17:09:13.821Z] >>> [apiv2][query] POST https://firebaserules.googleapis.com/v1/projects/eyalamrami-1d69e:test [none]
[debug] [2025-11-19T17:09:13.821Z] >>> [apiv2][body] POST https://firebaserules.googleapis.com/v1/projects/eyalamrami-1d69e:test [omitted]
[debug] [2025-11-19T17:09:14.615Z] <<< [apiv2][status] POST https://firebaserules.googleapis.com/v1/projects/eyalamrami-1d69e:test 200
[debug] [2025-11-19T17:09:14.616Z] <<< [apiv2][body] POST https://firebaserules.googleapis.com/v1/projects/eyalamrami-1d69e:test {}
[info] ✔  cloud.firestore: rules file firestore.rules compiled successfully 
[info] i  firestore: deploying indexes... 
[debug] [2025-11-19T17:09:14.620Z] Checked if tokens are valid: true, expires at: 1763574922654
[debug] [2025-11-19T17:09:14.620Z] Checked if tokens are valid: true, expires at: 1763574922654
[debug] [2025-11-19T17:09:14.620Z] >>> [apiv2][query] GET https://firestore.googleapis.com/v1/projects/eyalamrami-1d69e/databases/(default)/collectionGroups/-/indexes [none]
[debug] [2025-11-19T17:09:14.708Z] <<< [apiv2][status] GET https://firestore.googleapis.com/v1/projects/eyalamrami-1d69e/databases/(default)/collectionGroups/-/indexes 200
[debug] [2025-11-19T17:09:14.708Z] <<< [apiv2][body] GET https://firestore.googleapis.com/v1/projects/eyalamrami-1d69e/databases/(default)/collectionGroups/-/indexes {"indexes":[{"name":"projects/eyalamrami-1d69e/databases/(default)/collectionGroups/news/indexes/CICAgNiav4AK","queryScope":"COLLECTION","fields":[{"fieldPath":"isPublished","order":"ASCENDING"},{"fieldPath":"publishedAt","order":"DESCENDING"},{"fieldPath":"__name__","order":"DESCENDING"}],"state":"CREATING","density":"SPARSE_ALL"},{"name":"projects/eyalamrami-1d69e/databases/(default)/collectionGroups/feeds/indexes/CICAgJim14AK","queryScope":"COLLECTION","fields":[{"fieldPath":"published","order":"ASCENDING"},{"fieldPath":"createdAt","order":"DESCENDING"},{"fieldPath":"__name__","order":"DESCENDING"}],"state":"READY","density":"SPARSE_ALL"},{"name":"projects/eyalamrami-1d69e/databases/(default)/collectionGroups/dailyInsights/indexes/CICAgOjXh4EK","queryScope":"COLLECTION","fields":[{"fieldPath":"published","order":"ASCENDING"},{"fieldPath":"createdAt","order":"DESCENDING"},{"fieldPath":"__name__","order":"DESCENDING"}],"state":"READY","density":"SPARSE_ALL"},{"name":"projects/eyalamrami-1d69e/databases/(default)/collectionGroups/lessons/indexes/CICAgJj7z4EK","queryScope":"COLLECTION","fields":[{"fieldPath":"category","order":"ASCENDING"},{"fieldPath":"order","order":"DESCENDING"},{"fieldPath":"__name__","order":"DESCENDING"}],"state":"CREATING","density":"SPARSE_ALL"},{"name":"projects/eyalamrami-1d69e/databases/(default)/collectionGroups/podcasts/indexes/CICAgNjpgYIK","queryScope":"COLLECTION","fields":[{"fieldPath":"isActive","order":"ASCENDING"},{"fieldPath":"order","order":"DESCENDING"},{"fieldPath":"__name__","order":"DESCENDING"}],"state":"CREATING","density":"SPARSE_ALL"},{"name":"projects/eyalamrami-1d69e/databases/(default)/collectionGroups/alerts/indexes/CICAgJjF9oIK","queryScope":"COLLECTION","fields":[{"fieldPath":"isActive","order":"ASCENDING"},{"fieldPath":"createdAt","order":"DESCENDING"},{"fieldPath":"__name__","order":"DESCENDING"}],"state":"CREATING","density":"SPARSE_ALL"},{"name":"projects/eyalamrami-1d69e/databases/(default)/collectionGroups/notifications/indexes/CICAgJiUpoMK","queryScope":"COLLECTION","fields":[{"fieldPath":"status","order":"ASCENDING"},{"fieldPath":"createdAt","order":"DESCENDING"},{"fieldPath":"__name__","order":"DESCENDING"}],"state":"READY","density":"SPARSE_ALL"},{"name":"projects/eyalamrami-1d69e/databases/(default)/collectionGroups/lessons/indexes/CICAgNi47oMK","queryScope":"COLLECTION","fields":[{"fieldPath":"category","order":"ASCENDING"},{"fieldPath":"createdAt","order":"DESCENDING"},{"fieldPath":"__name__","order":"DESCENDING"}],"state":"CREATING","density":"SPARSE_ALL"},{"name":"projects/eyalamrami-1d69e/databases/(default)/collectionGroups/faithLessons/indexes/CICAgOi3kJAK","queryScope":"COLLECTION","fields":[{"fieldPath":"category","order":"ASCENDING"},{"fieldPath":"priority","order":"ASCENDING"},{"fieldPath":"__name__","order":"ASCENDING"}],"state":"READY","density":"SPARSE_ALL"},{"name":"projects/eyalamrami-1d69e/databases/(default)/collectionGroups/news/indexes/CICAgJjmiJEK","queryScope":"COLLECTION","fields":[{"fieldPath":"category","order":"ASCENDING"},{"fieldPath":"publishedAt","order":"DESCENDING"},{"fieldPath":"__name__","order":"DESCENDING"}],"state":"CREATING","density":"SPARSE_ALL"},{"name":"projects/eyalamrami-1d69e/databases/(default)/collectionGroups/podcasts/indexes/CICAgNi4-ZIK","queryScope":"COLLECTION","fields":[{"fieldPath":"isActive","order":"ASCENDING"},{"fieldPath":"createdAt","order":"DESCENDING"},{"fieldPath":"__name__","order":"DESCENDING"}],"state":"CREATING","density":"SPARSE_ALL"}]}
[debug] [2025-11-19T17:09:14.709Z] Checked if tokens are valid: true, expires at: 1763574922654
[debug] [2025-11-19T17:09:14.709Z] Checked if tokens are valid: true, expires at: 1763574922654
[debug] [2025-11-19T17:09:14.709Z] >>> [apiv2][query] GET https://firestore.googleapis.com/v1/projects/eyalamrami-1d69e/databases/(default)/collectionGroups/-/fields?filter=indexConfig.usesAncestorConfig=false OR ttlConfig:* [none]
[debug] [2025-11-19T17:09:14.808Z] <<< [apiv2][status] GET https://firestore.googleapis.com/v1/projects/eyalamrami-1d69e/databases/(default)/collectionGroups/-/fields?filter=indexConfig.usesAncestorConfig=false OR ttlConfig:* 200
[debug] [2025-11-19T17:09:14.808Z] <<< [apiv2][body] GET https://firestore.googleapis.com/v1/projects/eyalamrami-1d69e/databases/(default)/collectionGroups/-/fields?filter=indexConfig.usesAncestorConfig=false OR ttlConfig:* {"fields":[{"name":"projects/eyalamrami-1d69e/databases/(default)/collectionGroups/__default__/fields/*","indexConfig":{"indexes":[{"queryScope":"COLLECTION","fields":[{"fieldPath":"*","order":"ASCENDING"}],"state":"READY"},{"queryScope":"COLLECTION","fields":[{"fieldPath":"*","order":"DESCENDING"}],"state":"READY"},{"queryScope":"COLLECTION","fields":[{"fieldPath":"*","arrayConfig":"CONTAINS"}],"state":"READY"}]}}]}
[debug] [2025-11-19T17:09:14.809Z] Checked if tokens are valid: true, expires at: 1763574922654
[debug] [2025-11-19T17:09:14.809Z] Checked if tokens are valid: true, expires at: 1763574922654
[debug] [2025-11-19T17:09:14.809Z] >>> [apiv2][query] GET https://firestore.googleapis.com/v1/projects/eyalamrami-1d69e/databases/(default) [none]
[debug] [2025-11-19T17:09:14.921Z] <<< [apiv2][status] GET https://firestore.googleapis.com/v1/projects/eyalamrami-1d69e/databases/(default) 200
[debug] [2025-11-19T17:09:14.921Z] <<< [apiv2][body] GET https://firestore.googleapis.com/v1/projects/eyalamrami-1d69e/databases/(default) {"name":"projects/eyalamrami-1d69e/databases/(default)","uid":"28c72577-e069-422d-b53f-9211ba17d04d","createTime":"2025-11-16T21:56:31.041581Z","updateTime":"2025-11-16T21:56:31.041581Z","locationId":"europe-west2","type":"FIRESTORE_NATIVE","concurrencyMode":"PESSIMISTIC","versionRetentionPeriod":"3600s","earliestVersionTime":"2025-11-19T16:09:15.023043Z","appEngineIntegrationMode":"DISABLED","keyPrefix":"g","pointInTimeRecoveryEnablement":"POINT_IN_TIME_RECOVERY_DISABLED","deleteProtectionState":"DELETE_PROTECTION_DISABLED","databaseEdition":"STANDARD","freeTier":true,"realtimeUpdatesMode":"REALTIME_UPDATES_MODE_ENABLED","etag":"IOv3157a/pADMMXn/oLW95AD"}
[debug] [2025-11-19T17:09:14.922Z] Skipping existing index: {"collectionGroup":"dailyInsights","queryScope":"COLLECTION","fields":[{"fieldPath":"published","order":"ASCENDING"},{"fieldPath":"createdAt","order":"DESCENDING"},{"fieldPath":"__name__","order":"DESCENDING"}]}
[debug] [2025-11-19T17:09:14.922Z] Skipping existing index: {"collectionGroup":"notifications","queryScope":"COLLECTION","fields":[{"fieldPath":"status","order":"ASCENDING"},{"fieldPath":"createdAt","order":"DESCENDING"},{"fieldPath":"__name__","order":"DESCENDING"}]}
[debug] [2025-11-19T17:09:14.922Z] Skipping existing index: {"collectionGroup":"faithLessons","queryScope":"COLLECTION","fields":[{"fieldPath":"category","order":"ASCENDING"},{"fieldPath":"priority","order":"ASCENDING"},{"fieldPath":"__name__","order":"ASCENDING"}]}
[debug] [2025-11-19T17:09:14.922Z] Skipping existing index: {"collectionGroup":"feeds","queryScope":"COLLECTION","fields":[{"fieldPath":"published","order":"ASCENDING"},{"fieldPath":"createdAt","order":"DESCENDING"},{"fieldPath":"__name__","order":"DESCENDING"}]}
[debug] [2025-11-19T17:09:14.922Z] Skipping existing index: {"collectionGroup":"alerts","queryScope":"COLLECTION","fields":[{"fieldPath":"isActive","order":"ASCENDING"},{"fieldPath":"createdAt","order":"DESCENDING"},{"fieldPath":"__name__","order":"DESCENDING"}]}
[debug] [2025-11-19T17:09:14.922Z] Skipping existing index: {"collectionGroup":"lessons","queryScope":"COLLECTION","fields":[{"fieldPath":"category","order":"ASCENDING"},{"fieldPath":"order","order":"DESCENDING"},{"fieldPath":"__name__","order":"DESCENDING"}]}
[debug] [2025-11-19T17:09:14.922Z] Skipping existing index: {"collectionGroup":"lessons","queryScope":"COLLECTION","fields":[{"fieldPath":"category","order":"ASCENDING"},{"fieldPath":"createdAt","order":"DESCENDING"},{"fieldPath":"__name__","order":"DESCENDING"}]}
[debug] [2025-11-19T17:09:14.922Z] Skipping existing index: {"collectionGroup":"news","queryScope":"COLLECTION","fields":[{"fieldPath":"isPublished","order":"ASCENDING"},{"fieldPath":"publishedAt","order":"DESCENDING"},{"fieldPath":"__name__","order":"DESCENDING"}]}
[debug] [2025-11-19T17:09:14.922Z] Skipping existing index: {"collectionGroup":"news","queryScope":"COLLECTION","fields":[{"fieldPath":"category","order":"ASCENDING"},{"fieldPath":"publishedAt","order":"DESCENDING"},{"fieldPath":"__name__","order":"DESCENDING"}]}
[debug] [2025-11-19T17:09:14.922Z] Skipping existing index: {"collectionGroup":"podcasts","queryScope":"COLLECTION","fields":[{"fieldPath":"isActive","order":"ASCENDING"},{"fieldPath":"order","order":"DESCENDING"},{"fieldPath":"__name__","order":"DESCENDING"}]}
[debug] [2025-11-19T17:09:14.922Z] Skipping existing index: {"collectionGroup":"podcasts","queryScope":"COLLECTION","fields":[{"fieldPath":"isActive","order":"ASCENDING"},{"fieldPath":"createdAt","order":"DESCENDING"},{"fieldPath":"__name__","order":"DESCENDING"}]}
[debug] [2025-11-19T17:09:14.922Z] Creating new index: {"collectionGroup":"dailyVideos","queryScope":"COLLECTION","fields":[{"fieldPath":"isActive","order":"ASCENDING"},{"fieldPath":"createdAt","order":"DESCENDING"}]}
[debug] [2025-11-19T17:09:14.923Z] Checked if tokens are valid: true, expires at: 1763574922654
[debug] [2025-11-19T17:09:14.923Z] Checked if tokens are valid: true, expires at: 1763574922654
[debug] [2025-11-19T17:09:14.923Z] >>> [apiv2][query] POST https://firestore.googleapis.com/v1/projects/eyalamrami-1d69e/databases/(default)/collectionGroups/dailyVideos/indexes [none]
[debug] [2025-11-19T17:09:14.923Z] >>> [apiv2][body] POST https://firestore.googleapis.com/v1/projects/eyalamrami-1d69e/databases/(default)/collectionGroups/dailyVideos/indexes {"fields":[{"fieldPath":"isActive","order":"ASCENDING"},{"fieldPath":"createdAt","order":"DESCENDING"}],"queryScope":"COLLECTION"}
[debug] [2025-11-19T17:09:15.068Z] <<< [apiv2][status] POST https://firestore.googleapis.com/v1/projects/eyalamrami-1d69e/databases/(default)/collectionGroups/dailyVideos/indexes 200
[debug] [2025-11-19T17:09:15.069Z] <<< [apiv2][body] POST https://firestore.googleapis.com/v1/projects/eyalamrami-1d69e/databases/(default)/collectionGroups/dailyVideos/indexes {"name":"projects/eyalamrami-1d69e/databases/(default)/operations/S2dJbm1qSmdBQ0lDDCoDIDI0NGVjOTVmY2RiYS0wNTliLWRhZDQtMDRhNi1lNWY2OGVhMyQac2VuaWxlcGlwCQpBEg","metadata":{"@type":"type.googleapis.com/google.firestore.admin.v1.IndexOperationMetadata","startTime":"2025-11-19T17:09:15.158856Z","index":"projects/eyalamrami-1d69e/databases/(default)/collectionGroups/dailyVideos/indexes/CICAgJjmnIgK","state":"INITIALIZING"}}
[debug] [2025-11-19T17:09:15.069Z] Creating new index: {"collectionGroup":"homeCards","queryScope":"COLLECTION","fields":[{"fieldPath":"isActive","order":"ASCENDING"},{"fieldPath":"order","order":"ASCENDING"}]}
[debug] [2025-11-19T17:09:15.069Z] Checked if tokens are valid: true, expires at: 1763574922654
[debug] [2025-11-19T17:09:15.069Z] Checked if tokens are valid: true, expires at: 1763574922654
[debug] [2025-11-19T17:09:15.069Z] >>> [apiv2][query] POST https://firestore.googleapis.com/v1/projects/eyalamrami-1d69e/databases/(default)/collectionGroups/homeCards/indexes [none]
[debug] [2025-11-19T17:09:15.069Z] >>> [apiv2][body] POST https://firestore.googleapis.com/v1/projects/eyalamrami-1d69e/databases/(default)/collectionGroups/homeCards/indexes {"fields":[{"fieldPath":"isActive","order":"ASCENDING"},{"fieldPath":"order","order":"ASCENDING"}],"queryScope":"COLLECTION"}
[debug] [2025-11-19T17:09:15.263Z] <<< [apiv2][status] POST https://firestore.googleapis.com/v1/projects/eyalamrami-1d69e/databases/(default)/collectionGroups/homeCards/indexes 200
[debug] [2025-11-19T17:09:15.263Z] <<< [apiv2][body] POST https://firestore.googleapis.com/v1/projects/eyalamrami-1d69e/databases/(default)/collectionGroups/homeCards/indexes {"name":"projects/eyalamrami-1d69e/databases/(default)/operations/S3M0bzRpTmdBQ0lDDCoDIDdiNDhmMjk4OWE4Ni05Y2E5LTE2MDQtZWQ3ZS1lNzdiZjhiZCQac2VuaWxlcGlwCQpBEg","metadata":{"@type":"type.googleapis.com/google.firestore.admin.v1.IndexOperationMetadata","startTime":"2025-11-19T17:09:15.340747Z","index":"projects/eyalamrami-1d69e/databases/(default)/collectionGroups/homeCards/indexes/CICAgNi4o4sK","state":"INITIALIZING"}}
[info] ✔  firestore: deployed indexes in firestore.indexes.json successfully for (default) database 
[info] 
[info] ✔  Deploy complete! 
[info] 
[info] Project Console: https://console.firebase.google.com/project/eyalamrami-1d69e/overview
[debug] [2025-11-19T17:10:42.785Z] ----------------------------------------------------------------------
[debug] [2025-11-19T17:10:42.787Z] Command:       /opt/homebrew/Cellar/node/24.4.1/bin/node /opt/homebrew/bin/firebase deploy --only firestore:rules
[debug] [2025-11-19T17:10:42.787Z] CLI Version:   14.25.1
[debug] [2025-11-19T17:10:42.787Z] Platform:      darwin
[debug] [2025-11-19T17:10:42.787Z] Node Version:  v24.4.1
[debug] [2025-11-19T17:10:42.787Z] Time:          Wed Nov 19 2025 19:10:42 GMT+0200 (Israel Standard Time)
[debug] [2025-11-19T17:10:42.787Z] ----------------------------------------------------------------------
[debug] 
[debug] [2025-11-19T17:10:42.869Z] > command requires scopes: ["email","openid","https://www.googleapis.com/auth/cloudplatformprojects.readonly","https://www.googleapis.com/auth/firebase","https://www.googleapis.com/auth/cloud-platform"]
[debug] [2025-11-19T17:10:42.869Z] > authorizing via signed-in user (orel895@gmail.com)
[debug] [2025-11-19T17:10:42.869Z] [iam] checking project eyalamrami-1d69e for permissions ["datastore.indexes.create","datastore.indexes.delete","datastore.indexes.list","datastore.indexes.update","firebase.projects.get"]
[debug] [2025-11-19T17:10:42.870Z] Checked if tokens are valid: true, expires at: 1763574922654
[debug] [2025-11-19T17:10:42.870Z] Checked if tokens are valid: true, expires at: 1763574922654
[debug] [2025-11-19T17:10:42.870Z] >>> [apiv2][query] POST https://cloudresourcemanager.googleapis.com/v1/projects/eyalamrami-1d69e:testIamPermissions [none]
[debug] [2025-11-19T17:10:42.871Z] >>> [apiv2][(partial)header] POST https://cloudresourcemanager.googleapis.com/v1/projects/eyalamrami-1d69e:testIamPermissions x-goog-quota-user=projects/eyalamrami-1d69e
[debug] [2025-11-19T17:10:42.871Z] >>> [apiv2][body] POST https://cloudresourcemanager.googleapis.com/v1/projects/eyalamrami-1d69e:testIamPermissions {"permissions":["datastore.indexes.create","datastore.indexes.delete","datastore.indexes.list","datastore.indexes.update","firebase.projects.get"]}
[debug] [2025-11-19T17:10:44.050Z] <<< [apiv2][status] POST https://cloudresourcemanager.googleapis.com/v1/projects/eyalamrami-1d69e:testIamPermissions 200
[debug] [2025-11-19T17:10:44.051Z] <<< [apiv2][body] POST https://cloudresourcemanager.googleapis.com/v1/projects/eyalamrami-1d69e:testIamPermissions {"permissions":["datastore.indexes.create","datastore.indexes.delete","datastore.indexes.list","datastore.indexes.update","firebase.projects.get"]}
[info] 
[info] === Deploying to 'eyalamrami-1d69e'...
[info] 
[info] i  deploying firestore 
[info] i  firestore: ensuring required API firestore.googleapis.com is enabled... 
[info] i  firestore: ensuring required API firestore.googleapis.com is enabled... 
[debug] [2025-11-19T17:10:44.053Z] Checked if tokens are valid: true, expires at: 1763574922654
[debug] [2025-11-19T17:10:44.053Z] Checked if tokens are valid: true, expires at: 1763574922654
[debug] [2025-11-19T17:10:44.054Z] >>> [apiv2][query] GET https://firestore.googleapis.com/v1/projects/eyalamrami-1d69e/databases/(default) [none]
[debug] [2025-11-19T17:10:44.593Z] <<< [apiv2][status] GET https://firestore.googleapis.com/v1/projects/eyalamrami-1d69e/databases/(default) 200
[debug] [2025-11-19T17:10:44.593Z] <<< [apiv2][body] GET https://firestore.googleapis.com/v1/projects/eyalamrami-1d69e/databases/(default) {"name":"projects/eyalamrami-1d69e/databases/(default)","uid":"28c72577-e069-422d-b53f-9211ba17d04d","createTime":"2025-11-16T21:56:31.041581Z","updateTime":"2025-11-16T21:56:31.041581Z","locationId":"europe-west2","type":"FIRESTORE_NATIVE","concurrencyMode":"PESSIMISTIC","versionRetentionPeriod":"3600s","earliestVersionTime":"2025-11-19T16:10:44.694717Z","appEngineIntegrationMode":"DISABLED","keyPrefix":"g","pointInTimeRecoveryEnablement":"POINT_IN_TIME_RECOVERY_DISABLED","deleteProtectionState":"DELETE_PROTECTION_DISABLED","databaseEdition":"STANDARD","freeTier":true,"realtimeUpdatesMode":"REALTIME_UPDATES_MODE_ENABLED","etag":"INmGucna/pADMMXn/oLW95AD"}
[info] i  firestore: reading indexes from firestore.indexes.json... 
[info] i  cloud.firestore: checking firestore.rules for compilation errors... 
[debug] [2025-11-19T17:10:44.597Z] Checked if tokens are valid: true, expires at: 1763574922654
[debug] [2025-11-19T17:10:44.597Z] Checked if tokens are valid: true, expires at: 1763574922654
[debug] [2025-11-19T17:10:44.597Z] >>> [apiv2][query] POST https://firebaserules.googleapis.com/v1/projects/eyalamrami-1d69e:test [none]
[debug] [2025-11-19T17:10:44.597Z] >>> [apiv2][body] POST https://firebaserules.googleapis.com/v1/projects/eyalamrami-1d69e:test [omitted]
[debug] [2025-11-19T17:10:45.414Z] <<< [apiv2][status] POST https://firebaserules.googleapis.com/v1/projects/eyalamrami-1d69e:test 200
[debug] [2025-11-19T17:10:45.414Z] <<< [apiv2][body] POST https://firebaserules.googleapis.com/v1/projects/eyalamrami-1d69e:test {}
[info] ✔  cloud.firestore: rules file firestore.rules compiled successfully 
[debug] [2025-11-19T17:10:45.415Z] Checked if tokens are valid: true, expires at: 1763574922654
[debug] [2025-11-19T17:10:45.415Z] Checked if tokens are valid: true, expires at: 1763574922654
[debug] [2025-11-19T17:10:45.415Z] >>> [apiv2][query] GET https://firebaserules.googleapis.com/v1/projects/eyalamrami-1d69e/releases pageSize=10&pageToken=
[debug] [2025-11-19T17:10:46.160Z] <<< [apiv2][status] GET https://firebaserules.googleapis.com/v1/projects/eyalamrami-1d69e/releases 200
[debug] [2025-11-19T17:10:46.160Z] <<< [apiv2][body] GET https://firebaserules.googleapis.com/v1/projects/eyalamrami-1d69e/releases {"releases":[{"name":"projects/eyalamrami-1d69e/releases/cloud.firestore","rulesetName":"projects/eyalamrami-1d69e/rulesets/d28c3618-b94c-42f7-8ae4-1fa12cd99ef9","createTime":"2025-11-16T21:56:37.010939Z","updateTime":"2025-11-19T16:55:34.253846Z"},{"name":"projects/eyalamrami-1d69e/releases/firebase.storage/eyalamrami-1d69e.firebasestorage.app","rulesetName":"projects/eyalamrami-1d69e/rulesets/49d58d47-7f02-431f-bf2d-e7cec685e440","createTime":"2025-11-16T21:57:38.715272Z","updateTime":"2025-11-16T22:04:39.850113Z"}]}
[debug] [2025-11-19T17:10:46.187Z] Checked if tokens are valid: true, expires at: 1763574922654
[debug] [2025-11-19T17:10:46.187Z] Checked if tokens are valid: true, expires at: 1763574922654
[debug] [2025-11-19T17:10:46.187Z] >>> [apiv2][query] GET https://firebaserules.googleapis.com/v1/projects/eyalamrami-1d69e/rulesets/d28c3618-b94c-42f7-8ae4-1fa12cd99ef9 [none]
[debug] [2025-11-19T17:10:46.514Z] <<< [apiv2][status] GET https://firebaserules.googleapis.com/v1/projects/eyalamrami-1d69e/rulesets/d28c3618-b94c-42f7-8ae4-1fa12cd99ef9 200
[debug] [2025-11-19T17:10:46.514Z] <<< [apiv2][body] GET https://firebaserules.googleapis.com/v1/projects/eyalamrami-1d69e/rulesets/d28c3618-b94c-42f7-8ae4-1fa12cd99ef9 [omitted]
[info] i  firestore: latest version of firestore.rules already up to date, skipping upload... 
[debug] [2025-11-19T17:10:46.517Z] [rules] releasing cloud.firestore/(default) with ruleset projects/eyalamrami-1d69e/rulesets/d28c3618-b94c-42f7-8ae4-1fa12cd99ef9
[debug] [2025-11-19T17:10:46.518Z] Checked if tokens are valid: true, expires at: 1763574922654
[debug] [2025-11-19T17:10:46.518Z] Checked if tokens are valid: true, expires at: 1763574922654
[debug] [2025-11-19T17:10:46.518Z] >>> [apiv2][query] PATCH https://firebaserules.googleapis.com/v1/projects/eyalamrami-1d69e/releases/cloud.firestore/(default) [none]
[debug] [2025-11-19T17:10:46.518Z] >>> [apiv2][body] PATCH https://firebaserules.googleapis.com/v1/projects/eyalamrami-1d69e/releases/cloud.firestore/(default) {"release":{"name":"projects/eyalamrami-1d69e/releases/cloud.firestore/(default)","rulesetName":"projects/eyalamrami-1d69e/rulesets/d28c3618-b94c-42f7-8ae4-1fa12cd99ef9"}}
[debug] [2025-11-19T17:10:47.406Z] <<< [apiv2][status] PATCH https://firebaserules.googleapis.com/v1/projects/eyalamrami-1d69e/releases/cloud.firestore/(default) 200
[debug] [2025-11-19T17:10:47.406Z] <<< [apiv2][body] PATCH https://firebaserules.googleapis.com/v1/projects/eyalamrami-1d69e/releases/cloud.firestore/(default) {"name":"projects/eyalamrami-1d69e/releases/cloud.firestore","rulesetName":"projects/eyalamrami-1d69e/rulesets/d28c3618-b94c-42f7-8ae4-1fa12cd99ef9","createTime":"2025-11-16T21:56:37.010939Z","updateTime":"2025-11-19T17:10:47.437262Z"}
[debug] [2025-11-19T17:10:47.406Z] [rules] updated release projects/eyalamrami-1d69e/releases/cloud.firestore
[info] ✔  firestore: released rules firestore.rules to cloud.firestore 
[info] 
[info] ✔  Deploy complete! 
[info] 
[info] Project Console: https://console.firebase.google.com/project/eyalamrami-1d69e/overview
[debug] [2025-11-19T17:56:13.934Z] ----------------------------------------------------------------------
[debug] [2025-11-19T17:56:13.936Z] Command:       /opt/homebrew/Cellar/node/24.4.1/bin/node /opt/homebrew/bin/firebase projects:list
[debug] [2025-11-19T17:56:13.937Z] CLI Version:   14.25.1
[debug] [2025-11-19T17:56:13.937Z] Platform:      darwin
[debug] [2025-11-19T17:56:13.937Z] Node Version:  v24.4.1
[debug] [2025-11-19T17:56:13.937Z] Time:          Wed Nov 19 2025 19:56:13 GMT+0200 (Israel Standard Time)
[debug] [2025-11-19T17:56:13.937Z] ----------------------------------------------------------------------
[debug] 
[debug] [2025-11-19T17:56:14.028Z] > command requires scopes: ["email","openid","https://www.googleapis.com/auth/cloudplatformprojects.readonly","https://www.googleapis.com/auth/firebase","https://www.googleapis.com/auth/cloud-platform"]
[debug] [2025-11-19T17:56:14.029Z] > authorizing via signed-in user (orel895@gmail.com)
[debug] [2025-11-19T17:56:14.030Z] Checked if tokens are valid: false, expires at: 1763574922654
[debug] [2025-11-19T17:56:14.031Z] Checked if tokens are valid: false, expires at: 1763574922654
[debug] [2025-11-19T17:56:14.031Z] > refreshing access token with scopes: []
[debug] [2025-11-19T17:56:14.032Z] >>> [apiv2][query] POST https://www.googleapis.com/oauth2/v3/token [none]
[debug] [2025-11-19T17:56:14.032Z] >>> [apiv2][body] POST https://www.googleapis.com/oauth2/v3/token [omitted]
[debug] [2025-11-19T17:56:14.255Z] <<< [apiv2][status] POST https://www.googleapis.com/oauth2/v3/token 200
[debug] [2025-11-19T17:56:14.255Z] <<< [apiv2][body] POST https://www.googleapis.com/oauth2/v3/token [omitted]
[debug] [2025-11-19T17:56:14.272Z] >>> [apiv2][query] GET https://firebase.googleapis.com/v1beta1/projects pageSize=1000
[debug] [2025-11-19T17:56:14.771Z] <<< [apiv2][status] GET https://firebase.googleapis.com/v1beta1/projects 200
[debug] [2025-11-19T17:56:14.771Z] <<< [apiv2][body] GET https://firebase.googleapis.com/v1beta1/projects [omitted]
[info] ┌─────────────────────────┬────────────────────────────┬────────────────┬──────────────────────┐
│ Project Display Name    │ Project ID                 │ Project Number │ Resource Location ID │
├─────────────────────────┼────────────────────────────┼────────────────┼──────────────────────┤
│ barber app              │ barber-app-49adb           │ 148244265786   │ [Not specified]      │
├─────────────────────────┼────────────────────────────┼────────────────┼──────────────────────┤
│ barber-app-template     │ barber-app-template        │ 246646930767   │ [Not specified]      │
├─────────────────────────┼────────────────────────────┼────────────────┼──────────────────────┤
│ barber-server1          │ barber-server1             │ 883407583769   │ [Not specified]      │
├─────────────────────────┼────────────────────────────┼────────────────┼──────────────────────┤
│ barbers bar             │ barbers-bar-ae31f          │ 53851377123    │ [Not specified]      │
├─────────────────────────┼────────────────────────────┼────────────────┼──────────────────────┤
│ eyalamrami              │ eyalamrami-1d69e (current) │ 990847614280   │ [Not specified]      │
├─────────────────────────┼────────────────────────────┼────────────────┼──────────────────────┤
│ ffy jersey              │ ffy-jersey                 │ 269662014325   │ [Not specified]      │
├─────────────────────────┼────────────────────────────┼────────────────┼──────────────────────┤
│ Galili                  │ galili-cf4ea               │ 508643856860   │ [Not specified]      │
├─────────────────────────┼────────────────────────────┼────────────────┼──────────────────────┤
│ galls                   │ galilis                    │ 508385271005   │ [Not specified]      │
├─────────────────────────┼────────────────────────────┼────────────────┼──────────────────────┤
│ GPT Chat SaaS           │ gpt-chat-saas              │ 206429388071   │ [Not specified]      │
├─────────────────────────┼────────────────────────────┼────────────────┼──────────────────────┤
│ MyChatDashboard         │ mychatdashboard-7d3cd      │ 642419357925   │ [Not specified]      │
├─────────────────────────┼────────────────────────────┼────────────────┼──────────────────────┤
│ naama-bloom             │ naama-bloom-88733          │ 448973562994   │ [Not specified]      │
├─────────────────────────┼────────────────────────────┼────────────────┼──────────────────────┤
│ Naor amar               │ naor-amar                  │ 9527955029     │ [Not specified]      │
├─────────────────────────┼────────────────────────────┼────────────────┼──────────────────────┤
│ NAORBARUCH              │ naorbaruch-a6cc5           │ 1012877513963  │ [Not specified]      │
├─────────────────────────┼────────────────────────────┼────────────────┼──────────────────────┤
│ orelai                  │ orelai                     │ 132056983838   │ [Not specified]      │
├─────────────────────────┼────────────────────────────┼────────────────┼──────────────────────┤
│ orelbarber              │ orelbarber-f598b           │ 7066359191     │ [Not specified]      │
├─────────────────────────┼────────────────────────────┼────────────────┼──────────────────────┤
│ REMARK                  │ remark-8652f               │ 773729857923   │ [Not specified]      │
├─────────────────────────┼────────────────────────────┼────────────────┼──────────────────────┤
│ skillsacademi           │ skillsacademi-99c6c        │ 205093449949   │ [Not specified]      │
├─────────────────────────┼────────────────────────────┼────────────────┼──────────────────────┤
│ videdaiting             │ videdaiting                │ 282830306203   │ [Not specified]      │
├─────────────────────────┼────────────────────────────┼────────────────┼──────────────────────┤
│ video895                │ video895-31029             │ 7721824894     │ [Not specified]      │
├─────────────────────────┼────────────────────────────┼────────────────┼──────────────────────┤
│ WhatsApp Automation Bot │ whatsapp-automation-bot    │ 776311944096   │ [Not specified]      │
└─────────────────────────┴────────────────────────────┴────────────────┴──────────────────────┘
[info] 
[info] 20 project(s) total.
[debug] [2025-11-19T17:56:25.409Z] ----------------------------------------------------------------------
[debug] [2025-11-19T17:56:25.411Z] Command:       /opt/homebrew/Cellar/node/24.4.1/bin/node /opt/homebrew/bin/firebase auth:export /tmp/users.json --format=JSON
[debug] [2025-11-19T17:56:25.412Z] CLI Version:   14.25.1
[debug] [2025-11-19T17:56:25.412Z] Platform:      darwin
[debug] [2025-11-19T17:56:25.412Z] Node Version:  v24.4.1
[debug] [2025-11-19T17:56:25.412Z] Time:          Wed Nov 19 2025 19:56:25 GMT+0200 (Israel Standard Time)
[debug] [2025-11-19T17:56:25.412Z] ----------------------------------------------------------------------
[debug] 
[debug] [2025-11-19T17:56:25.512Z] > command requires scopes: ["email","openid","https://www.googleapis.com/auth/cloudplatformprojects.readonly","https://www.googleapis.com/auth/firebase","https://www.googleapis.com/auth/cloud-platform"]
[debug] [2025-11-19T17:56:25.513Z] > authorizing via signed-in user (orel895@gmail.com)
[debug] [2025-11-19T17:56:25.513Z] [iam] checking project eyalamrami-1d69e for permissions ["firebase.projects.get","firebaseauth.users.get"]
[debug] [2025-11-19T17:56:25.514Z] Checked if tokens are valid: true, expires at: 1763578573255
[debug] [2025-11-19T17:56:25.514Z] Checked if tokens are valid: true, expires at: 1763578573255
[debug] [2025-11-19T17:56:25.514Z] >>> [apiv2][query] POST https://cloudresourcemanager.googleapis.com/v1/projects/eyalamrami-1d69e:testIamPermissions [none]
[debug] [2025-11-19T17:56:25.514Z] >>> [apiv2][(partial)header] POST https://cloudresourcemanager.googleapis.com/v1/projects/eyalamrami-1d69e:testIamPermissions x-goog-quota-user=projects/eyalamrami-1d69e
[debug] [2025-11-19T17:56:25.514Z] >>> [apiv2][body] POST https://cloudresourcemanager.googleapis.com/v1/projects/eyalamrami-1d69e:testIamPermissions {"permissions":["firebase.projects.get","firebaseauth.users.get"]}
[debug] [2025-11-19T17:56:26.523Z] <<< [apiv2][status] POST https://cloudresourcemanager.googleapis.com/v1/projects/eyalamrami-1d69e:testIamPermissions 200
[debug] [2025-11-19T17:56:26.524Z] <<< [apiv2][body] POST https://cloudresourcemanager.googleapis.com/v1/projects/eyalamrami-1d69e:testIamPermissions {"permissions":["firebase.projects.get","firebaseauth.users.get"]}
[info] Exporting accounts to /tmp/users.json
[debug] [2025-11-19T17:56:26.525Z] Checked if tokens are valid: true, expires at: 1763578573255
[debug] [2025-11-19T17:56:26.525Z] Checked if tokens are valid: true, expires at: 1763578573255
[debug] [2025-11-19T17:56:26.525Z] >>> [apiv2][query] POST https://www.googleapis.com/identitytoolkit/v3/relyingparty/downloadAccount [none]
[debug] [2025-11-19T17:56:26.525Z] >>> [apiv2][body] POST https://www.googleapis.com/identitytoolkit/v3/relyingparty/downloadAccount {"targetProjectId":"eyalamrami-1d69e","maxResults":1000}
[debug] [2025-11-19T17:56:26.834Z] <<< [apiv2][status] POST https://www.googleapis.com/identitytoolkit/v3/relyingparty/downloadAccount 200
[debug] [2025-11-19T17:56:26.835Z] <<< [apiv2][body] POST https://www.googleapis.com/identitytoolkit/v3/relyingparty/downloadAccount [omitted]
[info] ✔  Exported 2 account(s) successfully. 
